#
# There is insufficient memory for the Java Runtime Environment to continue.
# Native memory allocation (mmap) failed to map 268435456 bytes for Failed to commit area from 0x00000000e0000000 to 0x00000000f0000000 of length 268435456.
# Possible reasons:
#   The system is out of physical RAM or swap space
#   The process is running with CompressedOops enabled, and the Java Heap may be blocking the growth of the native heap
# Possible solutions:
#   Reduce memory load on the system
#   Increase physical memory or swap space
#   Check if swap backing store is full
#   Decrease Java heap size (-Xmx/-Xms)
#   Decrease number of Java threads
#   Decrease Java thread stack sizes (-Xss)
#   Set larger code cache with -XX:ReservedCodeCacheSize=
# This output file may be truncated or incomplete.
#
#  Out of Memory Error (./src/hotspot/os/windows/os_windows.cpp:3301), pid=11812, tid=9896
#
# JRE version:  (11.0.11+9) (build )
# Java VM: OpenJDK 64-Bit Server VM (11.0.11+9-b60-7590822, mixed mode, sharing, tiered, compressed oops, g1 gc, windows-amd64)
# No core dump will be written. Minidumps are not enabled by default on client versions of Windows
#

---------------  S U M M A R Y ------------

Command Line: -Djava.awt.headless=true -Dorg.gradle.internal.worker.tmpdir=C:\Users\ASUS\Documents\GitHub\birds-of-a-feather-team-6-1\app\build\tmp\testDebugUnitTest\work -Dorg.gradle.native=false --add-opens=java.base/java.util=ALL-UNNAMED --add-opens=java.base/java.lang=ALL-UNNAMED -Xmx512m -Dfile.encoding=UTF-8 -Duser.country=CN -Duser.language=zh -Duser.variant -ea worker.org.gradle.process.internal.worker.GradleWorkerMain 'Gradle Test Executor 22'

Host: Intel(R) Core(TM) i7-7700HQ CPU @ 2.80GHz, 8 cores, 15G,  Windows 10 , 64 bit Build 19041 (10.0.19041.1503)
Time: Sun Mar  6 15:55:19 2022 太平洋标准时间 elapsed time: 0.018666 seconds (0d 0h 0m 0s)

---------------  T H R E A D  ---------------

Current thread (0x000001bbf9e8a000):  JavaThread "Unknown thread" [_thread_in_vm, id=9896, stack(0x00000009a1800000,0x00000009a1900000)]

Stack: [0x00000009a1800000,0x00000009a1900000]
Native frames: (J=compiled Java code, j=interpreted, Vv=VM code, C=native code)
V  [jvm.dll+0x5f214a]
V  [jvm.dll+0x726fb5]
V  [jvm.dll+0x7285cd]
V  [jvm.dll+0x728c83]
V  [jvm.dll+0x243278]
V  [jvm.dll+0x5ef544]
V  [jvm.dll+0x5e4495]
V  [jvm.dll+0x2fec5b]
V  [jvm.dll+0x2febca]
V  [jvm.dll+0x2feaa2]
V  [jvm.dll+0x303986]
V  [jvm.dll+0x34c3a3]
V  [jvm.dll+0x34caa6]
V  [jvm.dll+0x34c4a3]
V  [jvm.dll+0x2d9688]
V  [jvm.dll+0x2da837]
V  [jvm.dll+0x705ba7]
V  [jvm.dll+0x70739c]
V  [jvm.dll+0x3598f9]
V  [jvm.dll+0x6e931e]
V  [jvm.dll+0x3c1c43]
V  [jvm.dll+0x3c3e81]
C  [jli.dll+0x5373]
C  [ucrtbase.dll+0x21bb2]
C  [KERNEL32.DLL+0x17034]
C  [ntdll.dll+0x52651]


---------------  P R O C E S S  ---------------

Threads class SMR info:
_java_thread_list=0x000001bbf9db53b0, length=0, elements={
}

Java Threads: ( => current thread )

Other Threads:
  0x000001bbfbfd0800 GCTaskThread "GC Thread#0" [stack: 0x00000009a1900000,0x00000009a1a00000] [id=2592]
  0x000001bbfbfe2800 ConcurrentGCThread "G1 Main Marker" [stack: 0x00000009a1a00000,0x00000009a1b00000] [id=5156]
  0x000001bbfbfe6000 ConcurrentGCThread "G1 Conc#0" [stack: 0x00000009a1b00000,0x00000009a1c00000] [id=15900]

[error occurred during error reporting (printing all threads), id 0xc0000005, EXCEPTION_ACCESS_VIOLATION (0xc0000005) at pc=0x00007ff8ce969c47]

VM state:not at safepoint (not fully initialized)

VM Mutex/Monitor currently owned by a thread:  ([mutex/lock_event])
[0x000001bbfbfbab00] Heap_lock - owner thread: 0x000001bbf9e8a000

Heap address: 0x00000000e0000000, size: 512 MB, Compressed Oops mode: Non-zero based: 0x00000000e0000000
Narrow klass base: 0x0000000000000000, Narrow klass shift: 0

GC Heap History (0 events):
No events

Deoptimization events (0 events):
No events

Classes redefined (0 events):
No events

Internal exceptions (0 events):
No events

Events (1 events):
Event: 0.012 Loaded shared library C:\Program Files\Android\Android Studio\jre\bin\zip.dll


Dynamic libraries:
0x00007ff6b7590000 - 0x00007ff6b759a000 	C:\Program Files\Android\Android Studio\jre\bin\java.exe
0x00007ff96deb0000 - 0x00007ff96e0a5000 	C:\WINDOWS\SYSTEM32\ntdll.dll
0x00007ff96d920000 - 0x00007ff96d9de000 	C:\WINDOWS\System32\KERNEL32.DLL
0x00007ff96ba20000 - 0x00007ff96bce8000 	C:\WINDOWS\System32\KERNELBASE.dll
0x00007ff96b650000 - 0x00007ff96b750000 	C:\WINDOWS\System32\ucrtbase.dll
0x00007ff940960000 - 0x00007ff940977000 	C:\Program Files\Android\Android Studio\jre\bin\VCRUNTIME140.dll
0x00007ff92d600000 - 0x00007ff92d619000 	C:\Program Files\Android\Android Studio\jre\bin\jli.dll
0x00007ff96c3f0000 - 0x00007ff96c590000 	C:\WINDOWS\System32\USER32.dll
0x00007ff9506e0000 - 0x00007ff95097a000 	C:\WINDOWS\WinSxS\amd64_microsoft.windows.common-controls_6595b64144ccf1df_6.0.19041.1110_none_60b5254171f9507e\COMCTL32.dll
0x00007ff96b780000 - 0x00007ff96b7a2000 	C:\WINDOWS\System32\win32u.dll
0x00007ff96d300000 - 0x00007ff96d39e000 	C:\WINDOWS\System32\msvcrt.dll
0x00007ff96c650000 - 0x00007ff96c67b000 	C:\WINDOWS\System32\GDI32.dll
0x00007ff96b7b0000 - 0x00007ff96b8bd000 	C:\WINDOWS\System32\gdi32full.dll
0x00007ff96be60000 - 0x00007ff96befd000 	C:\WINDOWS\System32\msvcp_win.dll
0x00007ff96db10000 - 0x00007ff96db40000 	C:\WINDOWS\System32\IMM32.DLL
0x00007ff92a670000 - 0x00007ff92a70d000 	C:\Program Files\Android\Android Studio\jre\bin\msvcp140.dll
0x00007ff8ce680000 - 0x00007ff8cf155000 	C:\Program Files\Android\Android Studio\jre\bin\server\jvm.dll
0x00007ff96c590000 - 0x00007ff96c63e000 	C:\WINDOWS\System32\ADVAPI32.dll
0x00007ff96dcf0000 - 0x00007ff96dd8c000 	C:\WINDOWS\System32\sechost.dll
0x00007ff96d3a0000 - 0x00007ff96d4c5000 	C:\WINDOWS\System32\RPCRT4.dll
0x00007ff96c640000 - 0x00007ff96c648000 	C:\WINDOWS\System32\PSAPI.DLL
0x00007ff956900000 - 0x00007ff956927000 	C:\WINDOWS\SYSTEM32\WINMM.dll
0x00007ff9637b0000 - 0x00007ff9637ba000 	C:\WINDOWS\SYSTEM32\VERSION.dll
0x00007ff9542b0000 - 0x00007ff9542b9000 	C:\WINDOWS\SYSTEM32\WSOCK32.dll
0x00007ff96cb20000 - 0x00007ff96cb8b000 	C:\WINDOWS\System32\WS2_32.dll
0x00007ff969470000 - 0x00007ff969482000 	C:\WINDOWS\SYSTEM32\kernel.appcore.dll
0x00007ff92d3b0000 - 0x00007ff92d3c1000 	C:\Program Files\Android\Android Studio\jre\bin\verify.dll
0x00007ff955310000 - 0x00007ff9554f4000 	C:\WINDOWS\SYSTEM32\DBGHELP.DLL
0x00007ff954f30000 - 0x00007ff954f5c000 	C:\WINDOWS\SYSTEM32\dbgcore.DLL
0x00007ff96b5c0000 - 0x00007ff96b642000 	C:\WINDOWS\System32\bcryptPrimitives.dll
0x00007ff92d380000 - 0x00007ff92d3a9000 	C:\Program Files\Android\Android Studio\jre\bin\java.dll
0x00007ff95b9d0000 - 0x00007ff95b9db000 	C:\Program Files\Android\Android Studio\jre\bin\jimage.dll
0x00007ff92d360000 - 0x00007ff92d378000 	C:\Program Files\Android\Android Studio\jre\bin\zip.dll

dbghelp: loaded successfully - version: 4.0.5 - missing functions: none
symbol engine: initialized successfully - sym options: 0x614 - pdb path: .;C:\Program Files\Android\Android Studio\jre\bin;C:\WINDOWS\SYSTEM32;C:\WINDOWS\WinSxS\amd64_microsoft.windows.common-controls_6595b64144ccf1df_6.0.19041.1110_none_60b5254171f9507e;C:\Program Files\Android\Android Studio\jre\bin\server

VM Arguments:
jvm_args: -Djava.awt.headless=true -Dorg.gradle.internal.worker.tmpdir=C:\Users\ASUS\Documents\GitHub\birds-of-a-feather-team-6-1\app\build\tmp\testDebugUnitTest\work -Dorg.gradle.native=false --add-opens=java.base/java.util=ALL-UNNAMED --add-opens=java.base/java.lang=ALL-UNNAMED -Xmx512m -Dfile.encoding=UTF-8 -Duser.country=CN -Duser.language=zh -Duser.variant -ea 
java_command: worker.org.gradle.process.internal.worker.GradleWorkerMain 'Gradle Test Executor 22'
java_class_path (initial): C:\\Users\\ASUS\\.gradle\\caches\\7.2\\workerMain\\gradle-worker.jar;C:\\Users\\ASUS\\Documents\\GitHub\\birds-of-a-feather-team-6-1\\app\\build\\intermediates\\unit_test_config_directory\\debugUnitTest\\out;C:\\Users\\ASUS\\Documents\\GitHub\\birds-of-a-feather-team-6-1\\app\\build\\intermediates\\javac\\debugUnitTest\\classes;C:\\Users\\ASUS\\Documents\\GitHub\\birds-of-a-feather-team-6-1\\app\\build\\intermediates\\java_res\\debugUnitTest\\out;C:\\Users\\ASUS\\Documents\\GitHub\\birds-of-a-feather-team-6-1\\app\\build\\intermediates\\app_classes\\debug\\classes.jar;C:\\Users\\ASUS\\.gradle\\caches\\transforms-3\\e4a405304a8e4cdf692a92563cbb1ac4\\transformed\\junit-1.1.2-runtime.jar;C:\\Users\\ASUS\\.gradle\\caches\\modules-2\\files-2.1\\junit\\junit\\4.13.2\\8ac9e16d933b6fb43bc7f576336b8f4d7eb5ba12\\junit-4.13.2.jar;C:\\Users\\ASUS\\.gradle\\caches\\modules-2\\files-2.1\\org.robolectric\\robolectric\\4.7.3\\7365a38bf8b5cb86a42b48510f4d760f243ba3ca\\robolectric-4.7.3.jar;C:\\Users\\ASUS\\.gradle\\caches\\transforms-3\\660dec2bf7137d0d335b990632f2277e\\transformed\\core-1.4.0-runtime.jar;C:\\Users\\ASUS\\.gradle\\caches\\transforms-3\\29d20ce1473b18f06070175568a29834\\transformed\\material-1.4.0-runtime.jar;C:\\Users\\ASUS\\.gradle\\caches\\transforms-3\\8a8756d266464e91a76aca582496cb35\\transformed\\constraintlayout-2.0.4-runtime.jar;C:\\Users\\ASUS\\.gradle\\caches\\transforms-3\\dd5d46e2f6d2f18a2a85aa84591f3ad4\\transformed\\appcompat-1.3.0-runtime.jar;C:\\Users\\ASUS\\.gradle\\caches\\transforms-3\\650f8cb6ccc7b35e774398670f9bb9ae\\transformed\\play-services-auth-20.1.0-runtime.jar;C:\\Users\\ASUS\\.gradle\\caches\\transforms-3\\4f02ba11fe6a8e25e4d33568a9bfe3a7\\transformed\\play-services-nearby-18.0.2-runtime.jar;C:\\Users\\ASUS\\.gradle\\caches\\transforms-3\\4ad0289ee248d589e8fb72bdd0b29300\\transformed\\play-services-auth-api-phone-18.0.1-runtime.jar;C:\\Users\\ASUS\\.gradle\\caches\\transforms-3\\0b4bdfc8fb67723db0f617c437c7cca
Launcher Type: SUN_STANDARD

[Global flags]
     intx CICompilerCount                          = 4                                         {product} {ergonomic}
     uint ConcGCThreads                            = 2                                         {product} {ergonomic}
     uint G1ConcRefinementThreads                  = 8                                         {product} {ergonomic}
   size_t G1HeapRegionSize                         = 1048576                                   {product} {ergonomic}
    uintx GCDrainStackTargetSize                   = 64                                        {product} {ergonomic}
   size_t InitialHeapSize                          = 268435456                                 {product} {ergonomic}
   size_t MarkStackSize                            = 4194304                                   {product} {ergonomic}
   size_t MaxHeapSize                              = 536870912                                 {product} {command line}
   size_t MinHeapDeltaBytes                        = 1048576                                   {product} {ergonomic}
    uintx NonNMethodCodeHeapSize                   = 5836300                                {pd product} {ergonomic}
    uintx NonProfiledCodeHeapSize                  = 122910970                              {pd product} {ergonomic}
    uintx ProfiledCodeHeapSize                     = 122910970                              {pd product} {ergonomic}
    uintx ReservedCodeCacheSize                    = 251658240                              {pd product} {ergonomic}
     bool SegmentedCodeCache                       = true                                      {product} {ergonomic}
     bool UseCompressedClassPointers               = true                                 {lp64_product} {ergonomic}
     bool UseCompressedOops                        = true                                 {lp64_product} {ergonomic}
     bool UseG1GC                                  = true                                      {product} {ergonomic}
     bool UseLargePagesIndividualAllocation        = false                                  {pd product} {ergonomic}

Logging:
Log output configuration:
 #0: stdout all=warning uptime,level,tags
 #1: stderr all=off uptime,level,tags

Environment Variables:
PATH=C:\WINDOWS\system32;C:\WINDOWS;C:\WINDOWS\System32\Wbem;C:\WINDOWS\System32\WindowsPowerShell\v1.0\;C:\WINDOWS\System32\OpenSSH\;C:\Program Files\Git\cmd;C:\Program Files\dotnet\;C:\Program Files\Microsoft SQL Server\130\Tools\Binn\;C:\Program Files\Microsoft SQL Server\Client SDK\ODBC\170\Tools\Binn\;C:\Program Files\MySQL\MySQL Shell 8.0\bin\;C:\Users\ASUS\AppData\Local\Microsoft\WindowsApps;C:\Users\ASUS\AppData\Local\GitHubDesktop\bin;C:\Users\ASUS\AppData\Local\Programs\Microsoft VS Code\bin;D:\quartus\modelsim_ase\win32aloem;C:\Users\ASUS\.dotnet\tools
USERNAME=ASUS
OS=Windows_NT
PROCESSOR_IDENTIFIER=Intel64 Family 6 Model 158 Stepping 9, GenuineIntel



---------------  S Y S T E M  ---------------

OS: Windows 10 , 64 bit Build 19041 (10.0.19041.1503)
OS uptime: 12 days 3:25 hours
Hyper-V role detected

CPU:total 8 (initial active 8) (4 cores per cpu, 2 threads per core) family 6 model 158 stepping 9 microcode 0xb4, cmov, cx8, fxsr, mmx, sse, sse2, sse3, ssse3, sse4.1, sse4.2, popcnt, avx, avx2, aes, clmul, erms, 3dnowpref, lzcnt, ht, tsc, tscinvbit, bmi1, bmi2, adx, fma

Memory: 4k page, system-wide physical 16268M (2167M free)
TotalPageFile size 23856M (AvailPageFile size 215M)
current process WorkingSet (physical memory assigned to process): 10M, peak: 10M
current process commit charge ("private bytes"): 59M, peak: 315M

vm_info: OpenJDK 64-Bit Server VM (11.0.11+9-b60-7590822) for windows-amd64 JRE (11.0.11+9-b60-7590822), built on Jul 29 2021 21:43:44 by "builder" with MS VC++ 14.0 (VS2015)

END.
